<?xml version="1.0" encoding="UTF-8"?>
<testng-results ignored="0" total="1" passed="1" failed="0" skipped="0">
  <reporter-output>
  </reporter-output>
  <suite started-at="2025-03-25T16:54:56 IST" name="Default suite" finished-at="2025-03-25T16:55:02 IST" duration-ms="5660">
    <groups>
    </groups>
    <test started-at="2025-03-25T16:54:56 IST" name="Default test" finished-at="2025-03-25T16:55:02 IST" duration-ms="5660">
      <class name="week4_chapter12.Task08">
        <test-method is-config="true" signature="launchBrowser()[pri:0, instance:week4_chapter12.Task08@35d08e6c]" started-at="2025-03-25T16:54:56 IST" name="launchBrowser" finished-at="2025-03-25T16:55:00 IST" duration-ms="3406" status="PASS">
          <reporter-output>
          </reporter-output>
        </test-method> <!-- launchBrowser -->
        <test-method signature="checkAvail()[pri:0, instance:week4_chapter12.Task08@35d08e6c]" started-at="2025-03-25T16:55:00 IST" name="checkAvail" finished-at="2025-03-25T16:55:00 IST" duration-ms="653" status="PASS">
          <reporter-output>
          </reporter-output>
        </test-method> <!-- checkAvail -->
        <test-method is-config="true" signature="closeBrowser()[pri:0, instance:week4_chapter12.Task08@35d08e6c]" started-at="2025-03-25T16:55:00 IST" name="closeBrowser" finished-at="2025-03-25T16:55:02 IST" duration-ms="1572" status="PASS">
          <reporter-output>
          </reporter-output>
        </test-method> <!-- closeBrowser -->
      </class> <!-- week4_chapter12.Task08 -->
    </test> <!-- Default test -->
  </suite> <!-- Default suite -->
</testng-results>
